<?xml version="1.0" encoding="UTF-8"?>
<testsuite xmlns:xsi="http://www.w3.org/2001/XMLSchema-instance" xsi:noNamespaceSchemaLocation="https://maven.apache.org/surefire/maven-surefire-plugin/xsd/surefire-test-report.xsd" name="DispatcherServletTest" time="0.496" tests="10" errors="0" skipped="0" failures="7">
  <properties>
[...]
</properties>
  <testcase name="doGet_shouldReturn404_whenNotMethodIsFound" classname="DispatcherServletTest" time="0.367">
    <failure message="&#10;Wanted but not invoked:&#10;httpServletResponse.sendError(&#10;    404,&#10;    &quot;no mapping found for request uri /test&quot;&#10;);&#10;-&gt; at DispatcherServletTest.doGet_shouldReturn404_whenNotMethodIsFound(DispatcherServletTest.java:76)&#10;Actually, there were zero interactions with this mock.&#10;" type="org.mockito.exceptions.verification.WantedButNotInvoked">org.mockito.exceptions.verification.WantedButNotInvoked: 

Wanted but not invoked:
httpServletResponse.sendError(
    404,
    "no mapping found for request uri /test"
);
-> at DispatcherServletTest.doGet_shouldReturn404_whenNotMethodIsFound(DispatcherServletTest.java:76)
Actually, there were zero interactions with this mock.

	at DispatcherServletTest.doGet_shouldReturn404_whenNotMethodIsFound(DispatcherServletTest.java:76)
</failure>
    <system-out><![CDATA[Getting request for /test
]]></system-out>
  </testcase>
  <testcase name="registerController_doesNotRegisters_nonAnnotatedMethods" classname="DispatcherServletTest" time="0.006"/>
  <testcase name="registerController_throwsIllegalArgumentException_forNonControllerClasses" classname="DispatcherServletTest" time="0.005">
    <failure message="Expected java.lang.IllegalArgumentException to be thrown, but nothing was thrown." type="org.opentest4j.AssertionFailedError">org.opentest4j.AssertionFailedError: Expected java.lang.IllegalArgumentException to be thrown, but nothing was thrown.
	at DispatcherServletTest.registerController_throwsIllegalArgumentException_forNonControllerClasses(DispatcherServletTest.java:18)
</failure>
    <system-out><![CDATA[Analysing class java.lang.String
]]></system-out>
  </testcase>
  <testcase name="doGet_shouldReturnAResult_whenMethodSucceeds" classname="DispatcherServletTest" time="0.092">
    <failure message="&#10;Wanted but not invoked:&#10;printWriter.print(&quot;Hello&quot;);&#10;-&gt; at DispatcherServletTest.doGet_shouldReturnAResult_whenMethodSucceeds(DispatcherServletTest.java:110)&#10;Actually, there were zero interactions with this mock.&#10;" type="org.mockito.exceptions.verification.WantedButNotInvoked">org.mockito.exceptions.verification.WantedButNotInvoked: 

Wanted but not invoked:
printWriter.print("Hello");
-> at DispatcherServletTest.doGet_shouldReturnAResult_whenMethodSucceeds(DispatcherServletTest.java:110)
Actually, there were zero interactions with this mock.

	at DispatcherServletTest.doGet_shouldReturnAResult_whenMethodSucceeds(DispatcherServletTest.java:110)
</failure>
    <system-out><![CDATA[Analysing class SomeControllerClass
Registering method someGoodMethod
Registering method someThrowingMethod
Registering method someThrowingMethod
Getting request for /test
]]></system-out>
  </testcase>
  <testcase name="doGet_shouldReturnAResult_forHelloController" classname="DispatcherServletTest" time="0.002">
    <failure message="&#10;Wanted but not invoked:&#10;printWriter.print(&quot;Hello World !&quot;);&#10;-&gt; at DispatcherServletTest.doGet_shouldReturnAResult_forHelloController(DispatcherServletTest.java:146)&#10;Actually, there were zero interactions with this mock.&#10;" type="org.mockito.exceptions.verification.WantedButNotInvoked">org.mockito.exceptions.verification.WantedButNotInvoked: 

Wanted but not invoked:
printWriter.print("Hello World !");
-> at DispatcherServletTest.doGet_shouldReturnAResult_forHelloController(DispatcherServletTest.java:146)
Actually, there were zero interactions with this mock.

	at DispatcherServletTest.doGet_shouldReturnAResult_forHelloController(DispatcherServletTest.java:146)
</failure>
    <system-out><![CDATA[Analysing class HelloController
Registering method sayHello
Registering method sayGoodBye
Registering method explode
Getting request for /hello
]]></system-out>
  </testcase>
  <testcase name="doGet_shouldReturnAResult_whenMethodWithParametersSucceeds" classname="DispatcherServletTest" time="0.002">
    <failure message="&#10;Wanted but not invoked:&#10;printWriter.print(&quot;12&quot;);&#10;-&gt; at DispatcherServletTest.doGet_shouldReturnAResult_whenMethodWithParametersSucceeds(DispatcherServletTest.java:129)&#10;Actually, there were zero interactions with this mock.&#10;" type="org.mockito.exceptions.verification.WantedButNotInvoked">org.mockito.exceptions.verification.WantedButNotInvoked: 

Wanted but not invoked:
printWriter.print("12");
-> at DispatcherServletTest.doGet_shouldReturnAResult_whenMethodWithParametersSucceeds(DispatcherServletTest.java:129)
Actually, there were zero interactions with this mock.

	at DispatcherServletTest.doGet_shouldReturnAResult_whenMethodWithParametersSucceeds(DispatcherServletTest.java:129)
</failure>
    <system-out><![CDATA[Analysing class SomeControllerClass
Registering method someGoodMethod
Registering method someThrowingMethod
Registering method someThrowingMethod
Getting request for /test-with-params
]]></system-out>
  </testcase>
  <testcase name="doGet_shouldReturn500WithMessage_whenMethodThrowsException" classname="DispatcherServletTest" time="0.002">
    <failure message="&#10;Wanted but not invoked:&#10;httpServletResponse.sendError(&#10;    500,&#10;    &quot;exception when calling method someThrowingMethod : some exception message&quot;&#10;);&#10;-&gt; at DispatcherServletTest.doGet_shouldReturn500WithMessage_whenMethodThrowsException(DispatcherServletTest.java:91)&#10;Actually, there were zero interactions with this mock.&#10;" type="org.mockito.exceptions.verification.WantedButNotInvoked">org.mockito.exceptions.verification.WantedButNotInvoked: 

Wanted but not invoked:
httpServletResponse.sendError(
    500,
    "exception when calling method someThrowingMethod : some exception message"
);
-> at DispatcherServletTest.doGet_shouldReturn500WithMessage_whenMethodThrowsException(DispatcherServletTest.java:91)
Actually, there were zero interactions with this mock.

	at DispatcherServletTest.doGet_shouldReturn500WithMessage_whenMethodThrowsException(DispatcherServletTest.java:91)
</failure>
    <system-out><![CDATA[Analysing class SomeControllerClass
Registering method someGoodMethod
Registering method someThrowingMethod
Registering method someThrowingMethod
Getting request for /test-throwing
]]></system-out>
  </testcase>
  <testcase name="registerController_doesNotRegisters_voidReturningMethods" classname="DispatcherServletTest" time="0.002">
    <failure message="expected: &lt;true&gt; but was: &lt;false&gt;" type="org.opentest4j.AssertionFailedError"><![CDATA[org.opentest4j.AssertionFailedError: expected: <true> but was: <false>
	at DispatcherServletTest.registerController_doesNotRegisters_voidReturningMethods(DispatcherServletTest.java:39)
]]></failure>
    <system-out><![CDATA[Analysing class SomeControllerClassWithAVoidMethod
Registering method myMethod
]]></system-out>
  </testcase>
  <testcase name="registerHelloController_shouldWorkCorrectly" classname="DispatcherServletTest" time="0.001"/>
  <testcase name="registerController_shouldRegisterCorrectyMethods" classname="DispatcherServletTest" time="0.001"/>
</testsuite>